<?xml version="1.0" encoding="UTF-8"?>
<testng-results ignored="0" total="2" passed="2" failed="0" skipped="0">
  <reporter-output>
  </reporter-output>
  <suite started-at="2020-11-08T14:11:04 IST" name="Default suite" finished-at="2020-11-08T14:12:37 IST" duration-ms="92803">
    <groups>
    </groups>
    <test started-at="2020-11-08T14:11:04 IST" name="Default test" finished-at="2020-11-08T14:12:37 IST" duration-ms="92803">
      <class name="hackathon.CalculateTripCost.test">
        <test-method signature="test1()[pri:0, instance:hackathon.CalculateTripCost.test@d23e042]" started-at="2020-11-08T14:11:04 IST" name="test1" finished-at="2020-11-08T14:11:49 IST" duration-ms="44859" status="PASS">
          <reporter-output>
          </reporter-output>
        </test-method> <!-- test1 -->
        <test-method signature="test2()[pri:1, instance:hackathon.CalculateTripCost.test@d23e042]" started-at="2020-11-08T14:11:49 IST" name="test2" finished-at="2020-11-08T14:12:36 IST" duration-ms="47335" status="PASS">
          <reporter-output>
          </reporter-output>
        </test-method> <!-- test2 -->
        <test-method is-config="true" signature="endReport()[pri:0, instance:hackathon.CalculateTripCost.test@d23e042]" started-at="2020-11-08T14:12:36 IST" name="endReport" finished-at="2020-11-08T14:12:37 IST" duration-ms="560" status="PASS">
          <reporter-output>
          </reporter-output>
        </test-method> <!-- endReport -->
      </class> <!-- hackathon.CalculateTripCost.test -->
    </test> <!-- Default test -->
  </suite> <!-- Default suite -->
</testng-results>
